npm WARN EBADENGINE Unsupported engine {
npm WARN EBADENGINE   package: '@opentelemetry/context-async-hooks@2.1.0',
npm WARN EBADENGINE   required: { node: '^18.19.0 || >=20.6.0' },
npm WARN EBADENGINE   current: { node: 'v20.2.0', npm: '9.6.6' }
npm WARN EBADENGINE }
npm WARN EBADENGINE Unsupported engine {
npm WARN EBADENGINE   package: '@opentelemetry/core@2.1.0',
npm WARN EBADENGINE   required: { node: '^18.19.0 || >=20.6.0' },
npm WARN EBADENGINE   current: { node: 'v20.2.0', npm: '9.6.6' }
npm WARN EBADENGINE }
npm WARN EBADENGINE Unsupported engine {
npm WARN EBADENGINE   package: '@opentelemetry/instrumentation@0.204.0',
npm WARN EBADENGINE   required: { node: '^18.19.0 || >=20.6.0' },
npm WARN EBADENGINE   current: { node: 'v20.2.0', npm: '9.6.6' }
npm WARN EBADENGINE }
npm WARN EBADENGINE Unsupported engine {
npm WARN EBADENGINE   package: '@opentelemetry/instrumentation-amqplib@0.51.0',
npm WARN EBADENGINE   required: { node: '^18.19.0 || >=20.6.0' },
npm WARN EBADENGINE   current: { node: 'v20.2.0', npm: '9.6.6' }
npm WARN EBADENGINE }
npm WARN EBADENGINE Unsupported engine {
npm WARN EBADENGINE   package: '@opentelemetry/instrumentation-connect@0.48.0',
npm WARN EBADENGINE   required: { node: '^18.19.0 || >=20.6.0' },
npm WARN EBADENGINE   current: { node: 'v20.2.0', npm: '9.6.6' }
npm WARN EBADENGINE }
npm WARN EBADENGINE Unsupported engine {
npm WARN EBADENGINE   package: '@opentelemetry/instrumentation-dataloader@0.22.0',
npm WARN EBADENGINE   required: { node: '^18.19.0 || >=20.6.0' },
npm WARN EBADENGINE   current: { node: 'v20.2.0', npm: '9.6.6' }
npm WARN EBADENGINE }
npm WARN EBADENGINE Unsupported engine {
npm WARN EBADENGINE   package: '@opentelemetry/instrumentation-express@0.53.0',
npm WARN EBADENGINE   required: { node: '^18.19.0 || >=20.6.0' },
npm WARN EBADENGINE   current: { node: 'v20.2.0', npm: '9.6.6' }
npm WARN EBADENGINE }
npm WARN EBADENGINE Unsupported engine {
npm WARN EBADENGINE   package: '@opentelemetry/instrumentation-fs@0.24.0',
npm WARN EBADENGINE   required: { node: '^18.19.0 || >=20.6.0' },
npm WARN EBADENGINE   current: { node: 'v20.2.0', npm: '9.6.6' }
npm WARN EBADENGINE }
npm WARN EBADENGINE Unsupported engine {
npm WARN EBADENGINE   package: '@opentelemetry/instrumentation-generic-pool@0.48.0',
npm WARN EBADENGINE   required: { node: '^18.19.0 || >=20.6.0' },
npm WARN EBADENGINE   current: { node: 'v20.2.0', npm: '9.6.6' }
npm WARN EBADENGINE }
npm WARN EBADENGINE Unsupported engine {
npm WARN EBADENGINE   package: '@opentelemetry/instrumentation-graphql@0.52.0',
npm WARN EBADENGINE   required: { node: '^18.19.0 || >=20.6.0' },
npm WARN EBADENGINE   current: { node: 'v20.2.0', npm: '9.6.6' }
npm WARN EBADENGINE }
npm WARN EBADENGINE Unsupported engine {
npm WARN EBADENGINE   package: '@opentelemetry/instrumentation-hapi@0.51.0',
npm WARN EBADENGINE   required: { node: '^18.19.0 || >=20.6.0' },
npm WARN EBADENGINE   current: { node: 'v20.2.0', npm: '9.6.6' }
npm WARN EBADENGINE }
npm WARN EBADENGINE Unsupported engine {
npm WARN EBADENGINE   package: '@opentelemetry/instrumentation-http@0.204.0',
npm WARN EBADENGINE   required: { node: '^18.19.0 || >=20.6.0' },
npm WARN EBADENGINE   current: { node: 'v20.2.0', npm: '9.6.6' }
npm WARN EBADENGINE }
npm WARN EBADENGINE Unsupported engine {
npm WARN EBADENGINE   package: '@opentelemetry/instrumentation-ioredis@0.52.0',
npm WARN EBADENGINE   required: { node: '^18.19.0 || >=20.6.0' },
npm WARN EBADENGINE   current: { node: 'v20.2.0', npm: '9.6.6' }
npm WARN EBADENGINE }
npm WARN EBADENGINE Unsupported engine {
npm WARN EBADENGINE   package: '@opentelemetry/instrumentation-kafkajs@0.14.0',
npm WARN EBADENGINE   required: { node: '^18.19.0 || >=20.6.0' },
npm WARN EBADENGINE   current: { node: 'v20.2.0', npm: '9.6.6' }
npm WARN EBADENGINE }
npm WARN EBADENGINE Unsupported engine {
npm WARN EBADENGINE   package: '@opentelemetry/instrumentation-knex@0.49.0',
npm WARN EBADENGINE   required: { node: '^18.19.0 || >=20.6.0' },
npm WARN EBADENGINE   current: { node: 'v20.2.0', npm: '9.6.6' }
npm WARN EBADENGINE }
npm WARN EBADENGINE Unsupported engine {
npm WARN EBADENGINE   package: '@opentelemetry/instrumentation-koa@0.52.0',
npm WARN EBADENGINE   required: { node: '^18.19.0 || >=20.6.0' },
npm WARN EBADENGINE   current: { node: 'v20.2.0', npm: '9.6.6' }
npm WARN EBADENGINE }
npm WARN EBADENGINE Unsupported engine {
npm WARN EBADENGINE   package: '@opentelemetry/instrumentation-lru-memoizer@0.49.0',
npm WARN EBADENGINE   required: { node: '^18.19.0 || >=20.6.0' },
npm WARN EBADENGINE   current: { node: 'v20.2.0', npm: '9.6.6' }
npm WARN EBADENGINE }
npm WARN EBADENGINE Unsupported engine {
npm WARN EBADENGINE   package: '@opentelemetry/instrumentation-mongodb@0.57.0',
npm WARN EBADENGINE   required: { node: '^18.19.0 || >=20.6.0' },
npm WARN EBADENGINE   current: { node: 'v20.2.0', npm: '9.6.6' }
npm WARN EBADENGINE }
npm WARN EBADENGINE Unsupported engine {
npm WARN EBADENGINE   package: '@opentelemetry/instrumentation-mongoose@0.51.0',
npm WARN EBADENGINE   required: { node: '^18.19.0 || >=20.6.0' },
npm WARN EBADENGINE   current: { node: 'v20.2.0', npm: '9.6.6' }
npm WARN EBADENGINE }
npm WARN EBADENGINE Unsupported engine {
npm WARN EBADENGINE   package: '@opentelemetry/instrumentation-mysql@0.50.0',
npm WARN EBADENGINE   required: { node: '^18.19.0 || >=20.6.0' },
npm WARN EBADENGINE   current: { node: 'v20.2.0', npm: '9.6.6' }
npm WARN EBADENGINE }
npm WARN EBADENGINE Unsupported engine {
npm WARN EBADENGINE   package: '@opentelemetry/instrumentation-mysql2@0.51.0',
npm WARN EBADENGINE   required: { node: '^18.19.0 || >=20.6.0' },
npm WARN EBADENGINE   current: { node: 'v20.2.0', npm: '9.6.6' }
npm WARN EBADENGINE }
npm WARN EBADENGINE Unsupported engine {
npm WARN EBADENGINE   package: '@opentelemetry/instrumentation-pg@0.57.0',
npm WARN EBADENGINE   required: { node: '^18.19.0 || >=20.6.0' },
npm WARN EBADENGINE   current: { node: 'v20.2.0', npm: '9.6.6' }
npm WARN EBADENGINE }
npm WARN EBADENGINE Unsupported engine {
npm WARN EBADENGINE   package: '@opentelemetry/instrumentation-redis@0.53.0',
npm WARN EBADENGINE   required: { node: '^18.19.0 || >=20.6.0' },
npm WARN EBADENGINE   current: { node: 'v20.2.0', npm: '9.6.6' }
npm WARN EBADENGINE }
npm WARN EBADENGINE Unsupported engine {
npm WARN EBADENGINE   package: '@opentelemetry/instrumentation-tedious@0.23.0',
npm WARN EBADENGINE   required: { node: '^18.19.0 || >=20.6.0' },
npm WARN EBADENGINE   current: { node: 'v20.2.0', npm: '9.6.6' }
npm WARN EBADENGINE }
npm WARN EBADENGINE Unsupported engine {
npm WARN EBADENGINE   package: '@opentelemetry/instrumentation-undici@0.15.0',
npm WARN EBADENGINE   required: { node: '^18.19.0 || >=20.6.0' },
npm WARN EBADENGINE   current: { node: 'v20.2.0', npm: '9.6.6' }
npm WARN EBADENGINE }
npm WARN EBADENGINE Unsupported engine {
npm WARN EBADENGINE   package: '@opentelemetry/redis-common@0.38.2',
npm WARN EBADENGINE   required: { node: '^18.19.0 || >=20.6.0' },
npm WARN EBADENGINE   current: { node: 'v20.2.0', npm: '9.6.6' }
npm WARN EBADENGINE }
npm WARN EBADENGINE Unsupported engine {
npm WARN EBADENGINE   package: '@opentelemetry/resources@2.1.0',
npm WARN EBADENGINE   required: { node: '^18.19.0 || >=20.6.0' },
npm WARN EBADENGINE   current: { node: 'v20.2.0', npm: '9.6.6' }
npm WARN EBADENGINE }
npm WARN EBADENGINE Unsupported engine {
npm WARN EBADENGINE   package: '@opentelemetry/sdk-trace-base@2.1.0',
npm WARN EBADENGINE   required: { node: '^18.19.0 || >=20.6.0' },
npm WARN EBADENGINE   current: { node: 'v20.2.0', npm: '9.6.6' }
npm WARN EBADENGINE }
npm WARN EBADENGINE Unsupported engine {
npm WARN EBADENGINE   package: '@opentelemetry/sql-common@0.41.2',
npm WARN EBADENGINE   required: { node: '^18.19.0 || >=20.6.0' },
npm WARN EBADENGINE   current: { node: 'v20.2.0', npm: '9.6.6' }
npm WARN EBADENGINE }

up to date, audited 1469 packages in 15s

384 packages are looking for funding
  run `npm fund` for details

40 vulnerabilities (20 low, 7 moderate, 7 high, 6 critical)

To address issues that do not require attention, run:
  npm audit fix

To address all issues possible (including breaking changes), run:
  npm audit fix --force

Some issues need review, and may require choosing
a different dependency.

Run `npm audit` for details.
