npm WARN EBADENGINE Unsupported engine {
npm WARN EBADENGINE   package: '@opentelemetry/context-async-hooks@2.1.0',
npm WARN EBADENGINE   required: { node: '^18.19.0 || >=20.6.0' },
npm WARN EBADENGINE   current: { node: 'v20.2.0', npm: '9.6.6' }
npm WARN EBADENGINE }
npm WARN EBADENGINE Unsupported engine {
npm WARN EBADENGINE   package: '@opentelemetry/core@2.1.0',
npm WARN EBADENGINE   required: { node: '^18.19.0 || >=20.6.0' },
npm WARN EBADENGINE   current: { node: 'v20.2.0', npm: '9.6.6' }
npm WARN EBADENGINE }
npm WARN EBADENGINE Unsupported engine {
npm WARN EBADENGINE   package: '@opentelemetry/instrumentation@0.204.0',
npm WARN EBADENGINE   required: { node: '^18.19.0 || >=20.6.0' },
npm WARN EBADENGINE   current: { node: 'v20.2.0', npm: '9.6.6' }
npm WARN EBADENGINE }
npm WARN EBADENGINE Unsupported engine {
npm WARN EBADENGINE   package: '@opentelemetry/instrumentation-amqplib@0.51.0',
npm WARN EBADENGINE   required: { node: '^18.19.0 || >=20.6.0' },
npm WARN EBADENGINE   current: { node: 'v20.2.0', npm: '9.6.6' }
npm WARN EBADENGINE }
npm WARN EBADENGINE Unsupported engine {
npm WARN EBADENGINE   package: '@opentelemetry/instrumentation-connect@0.48.0',
npm WARN EBADENGINE   required: { node: '^18.19.0 || >=20.6.0' },
npm WARN EBADENGINE   current: { node: 'v20.2.0', npm: '9.6.6' }
npm WARN EBADENGINE }
npm WARN EBADENGINE Unsupported engine {
npm WARN EBADENGINE   package: '@opentelemetry/instrumentation-dataloader@0.22.0',
npm WARN EBADENGINE   required: { node: '^18.19.0 || >=20.6.0' },
npm WARN EBADENGINE   current: { node: 'v20.2.0', npm: '9.6.6' }
npm WARN EBADENGINE }
npm WARN EBADENGINE Unsupported engine {
npm WARN EBADENGINE   package: '@opentelemetry/instrumentation-express@0.53.0',
npm WARN EBADENGINE   required: { node: '^18.19.0 || >=20.6.0' },
npm WARN EBADENGINE   current: { node: 'v20.2.0', npm: '9.6.6' }
npm WARN EBADENGINE }
npm WARN EBADENGINE Unsupported engine {
npm WARN EBADENGINE   package: '@opentelemetry/instrumentation-fs@0.24.0',
npm WARN EBADENGINE   required: { node: '^18.19.0 || >=20.6.0' },
npm WARN EBADENGINE   current: { node: 'v20.2.0', npm: '9.6.6' }
npm WARN EBADENGINE }
npm WARN EBADENGINE Unsupported engine {
npm WARN EBADENGINE   package: '@opentelemetry/instrumentation-generic-pool@0.48.0',
npm WARN EBADENGINE   required: { node: '^18.19.0 || >=20.6.0' },
npm WARN EBADENGINE   current: { node: 'v20.2.0', npm: '9.6.6' }
npm WARN EBADENGINE }
npm WARN EBADENGINE Unsupported engine {
npm WARN EBADENGINE   package: '@opentelemetry/instrumentation-graphql@0.52.0',
npm WARN EBADENGINE   required: { node: '^18.19.0 || >=20.6.0' },
npm WARN EBADENGINE   current: { node: 'v20.2.0', npm: '9.6.6' }
npm WARN EBADENGINE }
npm WARN EBADENGINE Unsupported engine {
npm WARN EBADENGINE   package: '@opentelemetry/instrumentation-hapi@0.51.0',
npm WARN EBADENGINE   required: { node: '^18.19.0 || >=20.6.0' },
npm WARN EBADENGINE   current: { node: 'v20.2.0', npm: '9.6.6' }
npm WARN EBADENGINE }
npm WARN EBADENGINE Unsupported engine {
npm WARN EBADENGINE   package: '@opentelemetry/instrumentation-http@0.204.0',
npm WARN EBADENGINE   required: { node: '^18.19.0 || >=20.6.0' },
npm WARN EBADENGINE   current: { node: 'v20.2.0', npm: '9.6.6' }
npm WARN EBADENGINE }
npm WARN EBADENGINE Unsupported engine {
npm WARN EBADENGINE   package: '@opentelemetry/instrumentation-ioredis@0.52.0',
npm WARN EBADENGINE   required: { node: '^18.19.0 || >=20.6.0' },
npm WARN EBADENGINE   current: { node: 'v20.2.0', npm: '9.6.6' }
npm WARN EBADENGINE }
npm WARN EBADENGINE Unsupported engine {
npm WARN EBADENGINE   package: '@opentelemetry/instrumentation-kafkajs@0.14.0',
npm WARN EBADENGINE   required: { node: '^18.19.0 || >=20.6.0' },
npm WARN EBADENGINE   current: { node: 'v20.2.0', npm: '9.6.6' }
npm WARN EBADENGINE }
npm WARN EBADENGINE Unsupported engine {
npm WARN EBADENGINE   package: '@opentelemetry/instrumentation-knex@0.49.0',
npm WARN EBADENGINE   required: { node: '^18.19.0 || >=20.6.0' },
npm WARN EBADENGINE   current: { node: 'v20.2.0', npm: '9.6.6' }
npm WARN EBADENGINE }
npm WARN EBADENGINE Unsupported engine {
npm WARN EBADENGINE   package: '@opentelemetry/instrumentation-koa@0.52.0',
npm WARN EBADENGINE   required: { node: '^18.19.0 || >=20.6.0' },
npm WARN EBADENGINE   current: { node: 'v20.2.0', npm: '9.6.6' }
npm WARN EBADENGINE }
npm WARN EBADENGINE Unsupported engine {
npm WARN EBADENGINE   package: '@opentelemetry/instrumentation-lru-memoizer@0.49.0',
npm WARN EBADENGINE   required: { node: '^18.19.0 || >=20.6.0' },
npm WARN EBADENGINE   current: { node: 'v20.2.0', npm: '9.6.6' }
npm WARN EBADENGINE }
npm WARN EBADENGINE Unsupported engine {
npm WARN EBADENGINE   package: '@opentelemetry/instrumentation-mongodb@0.57.0',
npm WARN EBADENGINE   required: { node: '^18.19.0 || >=20.6.0' },
npm WARN EBADENGINE   current: { node: 'v20.2.0', npm: '9.6.6' }
npm WARN EBADENGINE }
npm WARN EBADENGINE Unsupported engine {
npm WARN EBADENGINE   package: '@opentelemetry/instrumentation-mongoose@0.51.0',
npm WARN EBADENGINE   required: { node: '^18.19.0 || >=20.6.0' },
npm WARN EBADENGINE   current: { node: 'v20.2.0', npm: '9.6.6' }
npm WARN EBADENGINE }
npm WARN EBADENGINE Unsupported engine {
npm WARN EBADENGINE   package: '@opentelemetry/instrumentation-mysql@0.50.0',
npm WARN EBADENGINE   required: { node: '^18.19.0 || >=20.6.0' },
npm WARN EBADENGINE   current: { node: 'v20.2.0', npm: '9.6.6' }
npm WARN EBADENGINE }
npm WARN EBADENGINE Unsupported engine {
npm WARN EBADENGINE   package: '@opentelemetry/instrumentation-mysql2@0.51.0',
npm WARN EBADENGINE   required: { node: '^18.19.0 || >=20.6.0' },
npm WARN EBADENGINE   current: { node: 'v20.2.0', npm: '9.6.6' }
npm WARN EBADENGINE }
npm WARN EBADENGINE Unsupported engine {
npm WARN EBADENGINE   package: '@opentelemetry/instrumentation-pg@0.57.0',
npm WARN EBADENGINE   required: { node: '^18.19.0 || >=20.6.0' },
npm WARN EBADENGINE   current: { node: 'v20.2.0', npm: '9.6.6' }
npm WARN EBADENGINE }
npm WARN EBADENGINE Unsupported engine {
npm WARN EBADENGINE   package: '@opentelemetry/instrumentation-redis@0.53.0',
npm WARN EBADENGINE   required: { node: '^18.19.0 || >=20.6.0' },
npm WARN EBADENGINE   current: { node: 'v20.2.0', npm: '9.6.6' }
npm WARN EBADENGINE }
npm WARN EBADENGINE Unsupported engine {
npm WARN EBADENGINE   package: '@opentelemetry/instrumentation-tedious@0.23.0',
npm WARN EBADENGINE   required: { node: '^18.19.0 || >=20.6.0' },
npm WARN EBADENGINE   current: { node: 'v20.2.0', npm: '9.6.6' }
npm WARN EBADENGINE }
npm WARN EBADENGINE Unsupported engine {
npm WARN EBADENGINE   package: '@opentelemetry/instrumentation-undici@0.15.0',
npm WARN EBADENGINE   required: { node: '^18.19.0 || >=20.6.0' },
npm WARN EBADENGINE   current: { node: 'v20.2.0', npm: '9.6.6' }
npm WARN EBADENGINE }
npm WARN EBADENGINE Unsupported engine {
npm WARN EBADENGINE   package: '@opentelemetry/redis-common@0.38.2',
npm WARN EBADENGINE   required: { node: '^18.19.0 || >=20.6.0' },
npm WARN EBADENGINE   current: { node: 'v20.2.0', npm: '9.6.6' }
npm WARN EBADENGINE }
npm WARN EBADENGINE Unsupported engine {
npm WARN EBADENGINE   package: '@opentelemetry/resources@2.1.0',
npm WARN EBADENGINE   required: { node: '^18.19.0 || >=20.6.0' },
npm WARN EBADENGINE   current: { node: 'v20.2.0', npm: '9.6.6' }
npm WARN EBADENGINE }
npm WARN EBADENGINE Unsupported engine {
npm WARN EBADENGINE   package: '@opentelemetry/sdk-trace-base@2.1.0',
npm WARN EBADENGINE   required: { node: '^18.19.0 || >=20.6.0' },
npm WARN EBADENGINE   current: { node: 'v20.2.0', npm: '9.6.6' }
npm WARN EBADENGINE }
npm WARN EBADENGINE Unsupported engine {
npm WARN EBADENGINE   package: '@opentelemetry/sql-common@0.41.2',
npm WARN EBADENGINE   required: { node: '^18.19.0 || >=20.6.0' },
npm WARN EBADENGINE   current: { node: 'v20.2.0', npm: '9.6.6' }
npm WARN EBADENGINE }
npm ERR! code EUSAGE
npm ERR! 
npm ERR! `npm ci` can only install packages when your package.json and package-lock.json or npm-shrinkwrap.json are in sync. Please update your lock file with `npm install` before continuing.
npm ERR! 
npm ERR! Missing: pino-pretty@10.3.1 from lock file
npm ERR! Missing: colorette@2.0.20 from lock file
npm ERR! Missing: dateformat@4.6.3 from lock file
npm ERR! Missing: fast-copy@3.0.2 from lock file
npm ERR! Missing: fast-safe-stringify@2.1.1 from lock file
npm ERR! Missing: help-me@5.0.0 from lock file
npm ERR! Missing: joycon@3.1.1 from lock file
npm ERR! Missing: on-exit-leak-free@2.1.2 from lock file
npm ERR! Missing: pino-abstract-transport@1.2.0 from lock file
npm ERR! Missing: pump@3.0.3 from lock file
npm ERR! Missing: readable-stream@4.7.0 from lock file
npm ERR! Missing: secure-json-parse@2.7.0 from lock file
npm ERR! Missing: sonic-boom@3.8.1 from lock file
npm ERR! Missing: abort-controller@3.0.0 from lock file
npm ERR! Missing: buffer@6.0.3 from lock file
npm ERR! Missing: process@0.11.10 from lock file
npm ERR! Missing: event-target-shim@5.0.1 from lock file
npm ERR! 
npm ERR! Clean install a project
npm ERR! 
npm ERR! Usage:
npm ERR! npm ci
npm ERR! 
npm ERR! Options:
npm ERR! [--install-strategy <hoisted|nested|shallow|linked>] [--legacy-bundling]
npm ERR! [--global-style] [--omit <dev|optional|peer> [--omit <dev|optional|peer> ...]]
npm ERR! [--strict-peer-deps] [--no-package-lock] [--foreground-scripts]
npm ERR! [--ignore-scripts] [--no-audit] [--no-bin-links] [--no-fund] [--dry-run]
npm ERR! [-w|--workspace <workspace-name> [-w|--workspace <workspace-name> ...]]
npm ERR! [-ws|--workspaces] [--include-workspace-root] [--install-links]
npm ERR! 
npm ERR! aliases: clean-install, ic, install-clean, isntall-clean
npm ERR! 
npm ERR! Run "npm help ci" for more info

npm ERR! A complete log of this run can be found in: /home/node/.npm/_logs/2025-10-13T07_09_22_096Z-debug-0.log
