npm error code ERESOLVE
npm error ERESOLVE could not resolve
npm error
npm error While resolving: emoji-mart@3.0.1
npm error Found: react@18.3.1
npm error node_modules/react
npm error   peer react@">=16.8.0" from @floating-ui/react-dom@2.1.6
npm error   node_modules/@floating-ui/react-dom
npm error     @floating-ui/react-dom@"^2.0.0" from @radix-ui/react-popper@1.2.0
npm error     node_modules/@radix-ui/react-popper
npm error       @radix-ui/react-popper@"1.2.0" from @radix-ui/react-popover@1.1.1
npm error       node_modules/@radix-ui/react-popover
npm error         @radix-ui/react-popover@"1.1.1" from react-email@2.1.6
npm error         node_modules/react-email
npm error       1 more (@radix-ui/react-tooltip)
npm error   peer react@"^16.8 || ^17.0 || ^18.0 || ^19.0 || ^19.0.0-rc" from @radix-ui/react-arrow@1.1.0
npm error   node_modules/@radix-ui/react-arrow
npm error     @radix-ui/react-arrow@"1.1.0" from @radix-ui/react-popper@1.2.0
npm error     node_modules/@radix-ui/react-popper
npm error       @radix-ui/react-popper@"1.2.0" from @radix-ui/react-popover@1.1.1
npm error       node_modules/@radix-ui/react-popover
npm error         @radix-ui/react-popover@"1.1.1" from react-email@2.1.6
npm error         node_modules/react-email
npm error       1 more (@radix-ui/react-tooltip)
npm error   71 more (@radix-ui/react-collapsible, ...)
npm error
npm error Could not resolve dependency:
npm error peer react@"^0.14.0 || ^15.0.0-0 || ^16.0.0 || ^17.0.0" from emoji-mart@3.0.1
npm error node_modules/emoji-mart
npm error   emoji-mart@"^3.0.1" from the root project
npm error
npm error Conflicting peer dependency: react@17.0.2
npm error node_modules/react
npm error   peer react@"^0.14.0 || ^15.0.0-0 || ^16.0.0 || ^17.0.0" from emoji-mart@3.0.1
npm error   node_modules/emoji-mart
npm error     emoji-mart@"^3.0.1" from the root project
npm error
npm error Fix the upstream dependency conflict, or retry
npm error this command with --force or --legacy-peer-deps
npm error to accept an incorrect (and potentially broken) dependency resolution.
npm error
npm error
npm error For a full report see:
npm error /home/node/.npm/_logs/2025-09-30T09_21_53_227Z-eresolve-report.txt
npm error A complete log of this run can be found in: /home/node/.npm/_logs/2025-09-30T09_21_53_227Z-debug-0.log
